[debug] [2023-01-26T13:13:48.258Z] ----------------------------------------------------------------------
[debug] [2023-01-26T13:13:48.260Z] Command:       /usr/local/bin/firebase /Users/tito/.cache/firebase/tools/lib/node_modules/firebase-tools/lib/bin/firebase deploy --only hosting
[debug] [2023-01-26T13:13:48.260Z] CLI Version:   11.1.0
[debug] [2023-01-26T13:13:48.260Z] Platform:      darwin
[debug] [2023-01-26T13:13:48.260Z] Node Version:  v16.15.0
[debug] [2023-01-26T13:13:48.261Z] Time:          Thu Jan 26 2023 18:43:48 GMT+0530 (India Standard Time)
[debug] [2023-01-26T13:13:48.262Z] ----------------------------------------------------------------------
[debug] 
[debug] [2023-01-26T13:13:48.322Z] > command requires scopes: ["email","openid","https://www.googleapis.com/auth/cloudplatformprojects.readonly","https://www.googleapis.com/auth/firebase","https://www.googleapis.com/auth/cloud-platform"]
[debug] [2023-01-26T13:13:48.323Z] > authorizing via signed-in user (tabrezsvce@gmail.com)
[debug] [2023-01-26T13:13:48.323Z] [iam] checking project tito-software for permissions ["firebase.projects.get","firebasehosting.sites.update"]
[debug] [2023-01-26T13:13:48.325Z] >>> [apiv2][query] POST https://cloudresourcemanager.googleapis.com/v1/projects/tito-software:testIamPermissions [none]
[debug] [2023-01-26T13:13:48.325Z] >>> [apiv2][body] POST https://cloudresourcemanager.googleapis.com/v1/projects/tito-software:testIamPermissions {"permissions":["firebase.projects.get","firebasehosting.sites.update"]}
[debug] [2023-01-26T13:13:49.629Z] <<< [apiv2][status] POST https://cloudresourcemanager.googleapis.com/v1/projects/tito-software:testIamPermissions 200
[debug] [2023-01-26T13:13:49.629Z] <<< [apiv2][body] POST https://cloudresourcemanager.googleapis.com/v1/projects/tito-software:testIamPermissions {"permissions":["firebase.projects.get","firebasehosting.sites.update"]}
[debug] [2023-01-26T13:13:49.630Z] >>> [apiv2][query] GET https://firebase.googleapis.com/v1beta1/projects/tito-software [none]
[debug] [2023-01-26T13:13:50.267Z] <<< [apiv2][status] GET https://firebase.googleapis.com/v1beta1/projects/tito-software 200
[debug] [2023-01-26T13:13:50.267Z] <<< [apiv2][body] GET https://firebase.googleapis.com/v1beta1/projects/tito-software {"projectId":"tito-software","projectNumber":"836701705049","displayName":"tito-software","name":"projects/tito-software","resources":{"hostingSite":"tito-software"},"state":"ACTIVE","etag":"1_dc03a367-2c91-4908-9f3b-a2a275e492df"}
[info] 
[info] === Deploying to 'tito-software'...
[info] 
[info] i  deploying hosting 
[debug] [2023-01-26T13:13:50.270Z] >>> [apiv2][query] GET https://firebase.googleapis.com/v1beta1/projects/tito-software [none]
[debug] [2023-01-26T13:13:50.613Z] <<< [apiv2][status] GET https://firebase.googleapis.com/v1beta1/projects/tito-software 200
[debug] [2023-01-26T13:13:50.613Z] <<< [apiv2][body] GET https://firebase.googleapis.com/v1beta1/projects/tito-software {"projectId":"tito-software","projectNumber":"836701705049","displayName":"tito-software","name":"projects/tito-software","resources":{"hostingSite":"tito-software"},"state":"ACTIVE","etag":"1_dc03a367-2c91-4908-9f3b-a2a275e492df"}
[debug] [2023-01-26T13:13:50.615Z] >>> [apiv2][query] POST https://firebasehosting.googleapis.com/v1beta1/projects/836701705049/sites/tito-software/versions [none]
[debug] [2023-01-26T13:13:50.615Z] >>> [apiv2][body] POST https://firebasehosting.googleapis.com/v1beta1/projects/836701705049/sites/tito-software/versions {"config":{"rewrites":[{"glob":"**","path":"/index.html"}]},"labels":{"deployment-tool":"cli-firebase"}}
[debug] [2023-01-26T13:13:51.898Z] <<< [apiv2][status] POST https://firebasehosting.googleapis.com/v1beta1/projects/836701705049/sites/tito-software/versions 200
[debug] [2023-01-26T13:13:51.898Z] <<< [apiv2][body] POST https://firebasehosting.googleapis.com/v1beta1/projects/836701705049/sites/tito-software/versions {"name":"projects/836701705049/sites/tito-software/versions/3e9dfb622cfd1cc8","status":"CREATED","config":{"rewrites":[{"glob":"**","path":"/index.html"}]},"labels":{"deployment-tool":"cli-firebase"}}
[info] i  hosting[tito-software]: beginning deploy... 
[info] i  hosting[tito-software]: found 23 files in build 
[debug] [2023-01-26T13:13:51.907Z] [hosting] uploading with 200 concurrency
[debug] [2023-01-26T13:13:52.503Z] [hosting] hash cache [YnVpbGQ] stored for 23 files
[debug] [2023-01-26T13:13:52.503Z] [hosting][hash queue][FINAL] {"max":590,"min":10,"avg":43.391304347826086,"active":0,"complete":23,"success":23,"errored":0,"retried":0,"total":23,"elapsed":595}
[debug] [2023-01-26T13:13:52.504Z] >>> [apiv2][query] POST https://firebasehosting.googleapis.com/v1beta1/projects/836701705049/sites/tito-software/versions/3e9dfb622cfd1cc8:populateFiles [none]
[debug] [2023-01-26T13:13:52.504Z] >>> [apiv2][body] POST https://firebasehosting.googleapis.com/v1beta1/projects/836701705049/sites/tito-software/versions/3e9dfb622cfd1cc8:populateFiles {"files":{"/asset-manifest.json":"a9dc75954adbdd6b9b58b40d2ece1b8b201d2696530d53ca4dac5bb89c6d2ff6","/index.html":"01ed8e1995bafae9866c1d10fd06221e9b5c56c94bc83aaa26eb0b3e9f83e0af","/favicon.ico":"b72f7455f00e4e58792d2bca892abb068e2213838c0316d6b7a0d6d16acd1955","/robots.txt":"391d14b3c2f8c9143a27a28c7399585142228d4d1bdbe2c87ac946de411fa9a2","/logo192.png":"caff018b7f1e8fd481eb1c50d75b0ef236bcd5078b1d15c8bb348453fee30293","/logo512.png":"191fc21360b4ccfb1cda11a1efb97f489ed22672ca83f4064316802bbfdd750e","/manifest.json":"341d52628782f8ac9290bbfc43298afccb47b7cbfcee146ae30cf0f46bc30900","/static/js/787.2a43ded7.chunk.js":"5346938b1526bae67759442700987170f87f82c3c4bf12b9681bb9b6d28f5b28","/static/css/main.2fcbe9c6.css":"ca9021149d21c0fe517b3068ead4ce989c44958a3821cb22d93a05b755bc7def","/static/css/main.2fcbe9c6.css.map":"d9d51a479ba62ad3cb46034290c97e077068b7ae5f1693fd7024e57cf86ded4c","/static/js/main.aa88a594.js.LICENSE.txt":"765ff3564c489356fa3ce3ff812c513af35246f777cda43c93e687ec64cf3b64","/static/js/787.2a43ded7.chunk.js.map":"74c27c6de1eb48033e3207ed72ef911004bcbd50cd576c99c08b2c2c0833e302","/static/media/premium.af4cf63abe5094afccdb2115ae459d4b.svg":"e7a358566180d5dc4f50ef0b8491e418018d45ff5fea61d4b139f29c12466162","/static/media/logo.9ef4e869355fe32d1f19.png":"44cfcd4fe89e14d5e7221f0848978e8f44fffb149be3f9b7f25b7e443c9a21cc","/static/media/japan.079c724a9edd78dcece4.png":"e77405ee7370ba00a582d305c9b71e41cd9360a4f1efa1e71248a130f71b39b6","/static/media/sweden.ca0512c4b9c8d9e8f41e.png":"fafb025055da11f0c95d1b2fcd480895a58c839f5ea302972aaf30e3d3dc53b6","/static/media/spain.ada0f17b73fa673fe09d.png":"830f5e3086f3076d36a6cbe33cc6940c9f0c05e21439c92d899dda8cee8a8883","/static/media/brazil.26dd760844a4424b2b7f.png":"297b2087b89bdc63c3cdae576e9d666c3fff6fe3cc9f0e87998021ccd10db035","/static/media/mexico.0dd1d7348e5ce3332695.png":"629b3921a139ce6d786cffd54144c4a565d8acf480ebd053ce59ad4da1261f7f","/static/media/usa.8070758db8eb1520459c.png":"8fe05905e8110ab70017439bcfe998bd509ba9b5c825e2c845201ce607511098","/static/media/loginillus.370eae868d9222086994.webp":"52c2f9a04310bbf9b4acde455652c30bd9ced0f8495c3fcb3ee59e39de5c446f","/static/js/main.aa88a594.js":"14151bcfb0d1a05480573377bb75dd1cb084887e28ab82066d5426bd529822a7","/static/js/main.aa88a594.js.map":"685aa729b1e52095006dc8a4ee36ea93f1bd8256c8f4ead5d0a8091ad6d933d9"}}
[debug] [2023-01-26T13:13:53.630Z] <<< [apiv2][status] POST https://firebasehosting.googleapis.com/v1beta1/projects/836701705049/sites/tito-software/versions/3e9dfb622cfd1cc8:populateFiles 200
[debug] [2023-01-26T13:13:53.630Z] <<< [apiv2][body] POST https://firebasehosting.googleapis.com/v1beta1/projects/836701705049/sites/tito-software/versions/3e9dfb622cfd1cc8:populateFiles {"uploadRequiredHashes":["d9d51a479ba62ad3cb46034290c97e077068b7ae5f1693fd7024e57cf86ded4c","01ed8e1995bafae9866c1d10fd06221e9b5c56c94bc83aaa26eb0b3e9f83e0af","685aa729b1e52095006dc8a4ee36ea93f1bd8256c8f4ead5d0a8091ad6d933d9","14151bcfb0d1a05480573377bb75dd1cb084887e28ab82066d5426bd529822a7","ca9021149d21c0fe517b3068ead4ce989c44958a3821cb22d93a05b755bc7def","a9dc75954adbdd6b9b58b40d2ece1b8b201d2696530d53ca4dac5bb89c6d2ff6"],"uploadUrl":"https://upload-firebasehosting.googleapis.com/upload/sites/tito-software/versions/3e9dfb622cfd1cc8/files"}
[debug] [2023-01-26T13:13:53.631Z] >>> [apiv2][query] POST https://upload-firebasehosting.googleapis.com/upload/sites/tito-software/versions/3e9dfb622cfd1cc8/files/d9d51a479ba62ad3cb46034290c97e077068b7ae5f1693fd7024e57cf86ded4c [none]
[debug] [2023-01-26T13:13:53.631Z] >>> [apiv2][body] POST https://upload-firebasehosting.googleapis.com/upload/sites/tito-software/versions/3e9dfb622cfd1cc8/files/d9d51a479ba62ad3cb46034290c97e077068b7ae5f1693fd7024e57cf86ded4c [stream]
[debug] [2023-01-26T13:13:53.632Z] >>> [apiv2][query] POST https://upload-firebasehosting.googleapis.com/upload/sites/tito-software/versions/3e9dfb622cfd1cc8/files/01ed8e1995bafae9866c1d10fd06221e9b5c56c94bc83aaa26eb0b3e9f83e0af [none]
[debug] [2023-01-26T13:13:53.632Z] >>> [apiv2][body] POST https://upload-firebasehosting.googleapis.com/upload/sites/tito-software/versions/3e9dfb622cfd1cc8/files/01ed8e1995bafae9866c1d10fd06221e9b5c56c94bc83aaa26eb0b3e9f83e0af [stream]
[debug] [2023-01-26T13:13:53.633Z] >>> [apiv2][query] POST https://upload-firebasehosting.googleapis.com/upload/sites/tito-software/versions/3e9dfb622cfd1cc8/files/685aa729b1e52095006dc8a4ee36ea93f1bd8256c8f4ead5d0a8091ad6d933d9 [none]
[debug] [2023-01-26T13:13:53.633Z] >>> [apiv2][body] POST https://upload-firebasehosting.googleapis.com/upload/sites/tito-software/versions/3e9dfb622cfd1cc8/files/685aa729b1e52095006dc8a4ee36ea93f1bd8256c8f4ead5d0a8091ad6d933d9 [stream]
[debug] [2023-01-26T13:13:53.634Z] >>> [apiv2][query] POST https://upload-firebasehosting.googleapis.com/upload/sites/tito-software/versions/3e9dfb622cfd1cc8/files/14151bcfb0d1a05480573377bb75dd1cb084887e28ab82066d5426bd529822a7 [none]
[debug] [2023-01-26T13:13:53.634Z] >>> [apiv2][body] POST https://upload-firebasehosting.googleapis.com/upload/sites/tito-software/versions/3e9dfb622cfd1cc8/files/14151bcfb0d1a05480573377bb75dd1cb084887e28ab82066d5426bd529822a7 [stream]
[debug] [2023-01-26T13:13:53.635Z] >>> [apiv2][query] POST https://upload-firebasehosting.googleapis.com/upload/sites/tito-software/versions/3e9dfb622cfd1cc8/files/ca9021149d21c0fe517b3068ead4ce989c44958a3821cb22d93a05b755bc7def [none]
[debug] [2023-01-26T13:13:53.635Z] >>> [apiv2][body] POST https://upload-firebasehosting.googleapis.com/upload/sites/tito-software/versions/3e9dfb622cfd1cc8/files/ca9021149d21c0fe517b3068ead4ce989c44958a3821cb22d93a05b755bc7def [stream]
[debug] [2023-01-26T13:13:53.636Z] >>> [apiv2][query] POST https://upload-firebasehosting.googleapis.com/upload/sites/tito-software/versions/3e9dfb622cfd1cc8/files/a9dc75954adbdd6b9b58b40d2ece1b8b201d2696530d53ca4dac5bb89c6d2ff6 [none]
[debug] [2023-01-26T13:13:53.636Z] >>> [apiv2][body] POST https://upload-firebasehosting.googleapis.com/upload/sites/tito-software/versions/3e9dfb622cfd1cc8/files/a9dc75954adbdd6b9b58b40d2ece1b8b201d2696530d53ca4dac5bb89c6d2ff6 [stream]
[debug] [2023-01-26T13:13:53.637Z] [hosting][populate queue][FINAL] {"max":1129,"min":1129,"avg":1129,"active":0,"complete":1,"success":1,"errored":0,"retried":0,"total":1,"elapsed":1135}
[debug] [2023-01-26T13:13:53.637Z] [hosting] uploads queued: 6
[debug] [2023-01-26T13:13:55.083Z] <<< [apiv2][status] POST https://upload-firebasehosting.googleapis.com/upload/sites/tito-software/versions/3e9dfb622cfd1cc8/files/ca9021149d21c0fe517b3068ead4ce989c44958a3821cb22d93a05b755bc7def 200
[debug] [2023-01-26T13:13:55.084Z] <<< [apiv2][body] POST https://upload-firebasehosting.googleapis.com/upload/sites/tito-software/versions/3e9dfb622cfd1cc8/files/ca9021149d21c0fe517b3068ead4ce989c44958a3821cb22d93a05b755bc7def [stream]
[debug] [2023-01-26T13:13:55.129Z] <<< [apiv2][status] POST https://upload-firebasehosting.googleapis.com/upload/sites/tito-software/versions/3e9dfb622cfd1cc8/files/d9d51a479ba62ad3cb46034290c97e077068b7ae5f1693fd7024e57cf86ded4c 200
[debug] [2023-01-26T13:13:55.129Z] <<< [apiv2][body] POST https://upload-firebasehosting.googleapis.com/upload/sites/tito-software/versions/3e9dfb622cfd1cc8/files/d9d51a479ba62ad3cb46034290c97e077068b7ae5f1693fd7024e57cf86ded4c [stream]
[debug] [2023-01-26T13:13:55.659Z] <<< [apiv2][status] POST https://upload-firebasehosting.googleapis.com/upload/sites/tito-software/versions/3e9dfb622cfd1cc8/files/01ed8e1995bafae9866c1d10fd06221e9b5c56c94bc83aaa26eb0b3e9f83e0af 200
[debug] [2023-01-26T13:13:55.659Z] <<< [apiv2][body] POST https://upload-firebasehosting.googleapis.com/upload/sites/tito-software/versions/3e9dfb622cfd1cc8/files/01ed8e1995bafae9866c1d10fd06221e9b5c56c94bc83aaa26eb0b3e9f83e0af [stream]
